
> app@0.1.0 build C:\Users\amiru\OneDrive\Documents\GitHub\Mahardika\apps\app
> next build

  ▲ Next.js 14.2.5


> Build error occurred
Error: EINVAL: invalid argument, readlink 'C:\Users\amiru\OneDrive\Documents\GitHub\Mahardika\apps\app\.next\server\app-paths-manifest.json'
    at async Object.readlink (node:internal/fs/promises:972:10)
    at async C:\Users\amiru\OneDrive\Documents\GitHub\Mahardika\node_modules\.pnpm\next@14.2.5_react-dom@18.3.1_react@18.3.1__react@18.3.1\node_modules\next\dist\lib\recursive-delete.js:58:30
    at async Promise.all (index 0)
    at async recursiveDelete (C:\Users\amiru\OneDrive\Documents\GitHub\Mahardika\node_modules\.pnpm\next@14.2.5_react-dom@18.3.1_react@18.3.1__react@18.3.1\node_modules\next\dist\lib\recursive-delete.js:51:5)
    at async C:\Users\amiru\OneDrive\Documents\GitHub\Mahardika\node_modules\.pnpm\next@14.2.5_react-dom@18.3.1_react@18.3.1__react@18.3.1\node_modules\next\dist\lib\recursive-delete.js:68:17
    at async Promise.all (index 7)
    at async recursiveDelete (C:\Users\amiru\OneDrive\Documents\GitHub\Mahardika\node_modules\.pnpm\next@14.2.5_react-dom@18.3.1_react@18.3.1__react@18.3.1\node_modules\next\dist\lib\recursive-delete.js:51:5)
    at async C:\Users\amiru\OneDrive\Documents\GitHub\Mahardika\node_modules\.pnpm\next@14.2.5_react-dom@18.3.1_react@18.3.1__react@18.3.1\node_modules\next\dist\build\index.js:692:17
    at async Span.traceAsyncFn (C:\Users\amiru\OneDrive\Documents\GitHub\Mahardika\node_modules\.pnpm\next@14.2.5_react-dom@18.3.1_react@18.3.1__react@18.3.1\node_modules\next\dist\trace\trace.js:154:20)
    at async build (C:\Users\amiru\OneDrive\Documents\GitHub\Mahardika\node_modules\.pnpm\next@14.2.5_react-dom@18.3.1_react@18.3.1__react@18.3.1\node_modules\next\dist\build\index.js:366:9) {
  errno: -4071,
  code: 'EINVAL',
  syscall: 'readlink',
  path: 'C:\\Users\\amiru\\OneDrive\\Documents\\GitHub\\Mahardika\\apps\\app\\.next\\server\\app-paths-manifest.json'
}
 ELIFECYCLE  Command failed with exit code 1.
