
> app@0.1.0 lint C:\Users\amiru\OneDrive\Documents\GitHub\Mahardika\apps\app
> next lint "--fix"


./src/app/contact/page.tsx
8:27  Warning: Caution: `React` also has a named export `useState`. Check if you meant to write `import {useState} from 'react'` instead.  import/no-named-as-default-member
9:29  Warning: Caution: `React` also has a named export `useState`. Check if you meant to write `import {useState} from 'react'` instead.  import/no-named-as-default-member
10:33  Warning: Caution: `React` also has a named export `useState`. Check if you meant to write `import {useState} from 'react'` instead.  import/no-named-as-default-member

./src/app/dashboard/settings/page.tsx
8:25  Warning: Caution: `React` also has a named export `useState`. Check if you meant to write `import {useState} from 'react'` instead.  import/no-named-as-default-member

./src/app/docs/page.tsx
8:21  Warning: Caution: `React` also has a named export `useState`. Check if you meant to write `import {useState} from 'react'` instead.  import/no-named-as-default-member

./src/app/error.tsx
5:3  Warning: Caution: `React` also has a named export `useEffect`. Check if you meant to write `import {useEffect} from 'react'` instead.  import/no-named-as-default-member

./src/app/pricing/page.tsx
10:31  Warning: Caution: `React` also has a named export `useState`. Check if you meant to write `import {useState} from 'react'` instead.  import/no-named-as-default-member

./src/app/signin/page.tsx
15:27  Warning: Caution: `React` also has a named export `useState`. Check if you meant to write `import {useState} from 'react'` instead.  import/no-named-as-default-member
16:31  Warning: Caution: `React` also has a named export `useState`. Check if you meant to write `import {useState} from 'react'` instead.  import/no-named-as-default-member

./src/app/signup/page.tsx
15:27  Warning: Caution: `React` also has a named export `useState`. Check if you meant to write `import {useState} from 'react'` instead.  import/no-named-as-default-member
16:31  Warning: Caution: `React` also has a named export `useState`. Check if you meant to write `import {useState} from 'react'` instead.  import/no-named-as-default-member

info  - Need to disable some ESLint rules? Learn more here: https://nextjs.org/docs/basic-features/eslint#disabling-rules
